This is pdfTeX, Version 3.14159265-2.6-1.40.20 (TeX Live 2019/Debian) (preloaded format=pdflatex 2021.1.28)  8 JUN 2021 09:38
entering extended mode
 restricted \write18 enabled.
 %&-line parsing enabled.
**cardgame.tex
(./cardgame.tex
LaTeX2e <2020-02-02> patch level 2
L3 programming layer <2020-02-14>
(/usr/share/texlive/texmf-dist/tex/latex/koma-script/scrartcl.cls
Document Class: scrartcl 2020/01/24 v3.29 KOMA-Script document class (article)
(/usr/share/texlive/texmf-dist/tex/latex/koma-script/scrkbase.sty
Package: scrkbase 2020/01/24 v3.29 KOMA-Script package (KOMA-Script-dependent b
asics and keyval usage)

(/usr/share/texlive/texmf-dist/tex/latex/koma-script/scrbase.sty
Package: scrbase 2020/01/24 v3.29 KOMA-Script package (KOMA-Script-independent 
basics and keyval usage)

(/usr/share/texlive/texmf-dist/tex/latex/graphics/keyval.sty
Package: keyval 2014/10/28 v1.15 key=value parser (DPC)
\KV@toks@=\toks14
)
(/usr/share/texlive/texmf-dist/tex/latex/koma-script/scrlfile.sty
Package: scrlfile 2020/01/24 v3.29 KOMA-Script package (loading files)
)))
(/usr/share/texlive/texmf-dist/tex/latex/koma-script/tocbasic.sty
Package: tocbasic 2020/01/24 v3.29 KOMA-Script package (handling toc-files)
\scr@dte@tocline@numberwidth=\skip47
\scr@dte@tocline@numbox=\box45
)
Package tocbasic Info: omitting babel extension for `toc'
(tocbasic)             because of feature `nobabel' available
(tocbasic)             for `toc' on input line 137.
Class scrartcl Info: File `scrsize11pt.clo' used instead of
(scrartcl)           file `scrsize11.clo' to setup font sizes on input line 221
2.

(/usr/share/texlive/texmf-dist/tex/latex/koma-script/scrsize11pt.clo
File: scrsize11pt.clo 2020/01/24 v3.29 KOMA-Script font size class option (11pt
)
)
(/usr/share/texlive/texmf-dist/tex/latex/koma-script/typearea.sty
Package: typearea 2020/01/24 v3.29 KOMA-Script package (type area)
\ta@bcor=\skip48
\ta@div=\count167
\ta@hblk=\skip49
\ta@vblk=\skip50
\ta@temp=\skip51
\footheight=\skip52
Package typearea Info: These are the values describing the layout:
(typearea)             DIV  = 10
(typearea)             BCOR = 0.0pt
(typearea)             \paperwidth      = 597.50793pt
(typearea)              \textwidth      = 418.25555pt
(typearea)              DIV departure   = -6%
(typearea)              \evensidemargin = 17.3562pt
(typearea)              \oddsidemargin  = 17.3562pt
(typearea)             \paperheight     = 845.04694pt
(typearea)              \textheight     = 595.80026pt
(typearea)              \topmargin      = -25.16531pt
(typearea)              \headheight     = 17.0pt
(typearea)              \headsep        = 20.40001pt
(typearea)              \topskip        = 11.0pt
(typearea)              \footskip       = 47.6pt
(typearea)              \baselineskip   = 13.6pt
(typearea)              on input line 1719.
)
\c@part=\count168
\c@section=\count169
\c@subsection=\count170
\c@subsubsection=\count171
\c@paragraph=\count172
\c@subparagraph=\count173
\scr@dte@section@maxnumwidth=\skip53
Class scrartcl Info: using compatibility default `runin=bysign'
(scrartcl)           for `\section on input line 4723.
Class scrartcl Info: using compatibility default `afterindent=bysign'
(scrartcl)           for `\section on input line 4723.
\scr@dte@part@maxnumwidth=\skip54
Class scrartcl Info: using compatibility default `afterindent=false'
(scrartcl)           for `\part on input line 4731.
\scr@dte@subsection@maxnumwidth=\skip55
Class scrartcl Info: using compatibility default `runin=bysign'
(scrartcl)           for `\subsection on input line 4741.
Class scrartcl Info: using compatibility default `afterindent=bysign'
(scrartcl)           for `\subsection on input line 4741.
\scr@dte@subsubsection@maxnumwidth=\skip56
Class scrartcl Info: using compatibility default `runin=bysign'
(scrartcl)           for `\subsubsection on input line 4751.
Class scrartcl Info: using compatibility default `afterindent=bysign'
(scrartcl)           for `\subsubsection on input line 4751.
\scr@dte@paragraph@maxnumwidth=\skip57
Class scrartcl Info: using compatibility default `runin=bysign'
(scrartcl)           for `\paragraph on input line 4761.
Class scrartcl Info: using compatibility default `afterindent=bysign'
(scrartcl)           for `\paragraph on input line 4761.
\scr@dte@subparagraph@maxnumwidth=\skip58
Class scrartcl Info: using compatibility default `runin=bysign'
(scrartcl)           for `\subparagraph on input line 4771.
Class scrartcl Info: using compatibility default `afterindent=bysign'
(scrartcl)           for `\subparagraph on input line 4771.
\abovecaptionskip=\skip59
\belowcaptionskip=\skip60
\c@pti@nb@sid@b@x=\box46
Package tocbasic Info: omitting babel extension for `lof'
(tocbasic)             because of feature `nobabel' available
(tocbasic)             for `lof' on input line 6002.
\scr@dte@figure@maxnumwidth=\skip61
\c@figure=\count174
Package tocbasic Info: omitting babel extension for `lot'
(tocbasic)             because of feature `nobabel' available
(tocbasic)             for `lot' on input line 6014.
\scr@dte@table@maxnumwidth=\skip62
\c@table=\count175
Class scrartcl Info: Redefining `\numberline' on input line 6178.
\bibindent=\dimen134
)
(/usr/share/texlive/texmf-dist/tex/latex/pgf/frontendlayer/tikz.sty
(/usr/share/texlive/texmf-dist/tex/latex/pgf/basiclayer/pgf.sty
(/usr/share/texlive/texmf-dist/tex/latex/pgf/utilities/pgfrcs.sty
(/usr/share/texlive/texmf-dist/tex/generic/pgf/utilities/pgfutil-common.tex
\pgfutil@everybye=\toks15
\pgfutil@tempdima=\dimen135
\pgfutil@tempdimb=\dimen136

(/usr/share/texlive/texmf-dist/tex/generic/pgf/utilities/pgfutil-common-lists.t
ex)) (/usr/share/texlive/texmf-dist/tex/generic/pgf/utilities/pgfutil-latex.def
\pgfutil@abb=\box47
(/usr/share/texlive/texmf-dist/tex/latex/ms/everyshi.sty
Package: everyshi 2001/05/15 v3.00 EveryShipout Package (MS)
))
(/usr/share/texlive/texmf-dist/tex/generic/pgf/utilities/pgfrcs.code.tex
(/usr/share/texlive/texmf-dist/tex/generic/pgf/pgf.revision.tex)
Package: pgfrcs 2020/01/08 v3.1.5b (3.1.5b)
))
Package: pgf 2020/01/08 v3.1.5b (3.1.5b)

(/usr/share/texlive/texmf-dist/tex/latex/pgf/basiclayer/pgfcore.sty
(/usr/share/texlive/texmf-dist/tex/latex/graphics/graphicx.sty
Package: graphicx 2019/11/30 v1.2a Enhanced LaTeX Graphics (DPC,SPQR)

(/usr/share/texlive/texmf-dist/tex/latex/graphics/graphics.sty
Package: graphics 2019/11/30 v1.4a Standard LaTeX Graphics (DPC,SPQR)

(/usr/share/texlive/texmf-dist/tex/latex/graphics/trig.sty
Package: trig 2016/01/03 v1.10 sin cos tan (DPC)
)
(/usr/share/texlive/texmf-dist/tex/latex/graphics-cfg/graphics.cfg
File: graphics.cfg 2016/06/04 v1.11 sample graphics configuration
)
Package graphics Info: Driver file: pdftex.def on input line 105.

(/usr/share/texlive/texmf-dist/tex/latex/graphics-def/pdftex.def
File: pdftex.def 2018/01/08 v1.0l Graphics/color driver for pdftex
))
\Gin@req@height=\dimen137
\Gin@req@width=\dimen138
)
(/usr/share/texlive/texmf-dist/tex/latex/pgf/systemlayer/pgfsys.sty
(/usr/share/texlive/texmf-dist/tex/generic/pgf/systemlayer/pgfsys.code.tex
Package: pgfsys 2020/01/08 v3.1.5b (3.1.5b)

(/usr/share/texlive/texmf-dist/tex/generic/pgf/utilities/pgfkeys.code.tex
\pgfkeys@pathtoks=\toks16
\pgfkeys@temptoks=\toks17

(/usr/share/texlive/texmf-dist/tex/generic/pgf/utilities/pgfkeysfiltered.code.t
ex
\pgfkeys@tmptoks=\toks18
))
\pgf@x=\dimen139
\pgf@y=\dimen140
\pgf@xa=\dimen141
\pgf@ya=\dimen142
\pgf@xb=\dimen143
\pgf@yb=\dimen144
\pgf@xc=\dimen145
\pgf@yc=\dimen146
\pgf@xd=\dimen147
\pgf@yd=\dimen148
\w@pgf@writea=\write3
\r@pgf@reada=\read2
\c@pgf@counta=\count176
\c@pgf@countb=\count177
\c@pgf@countc=\count178
\c@pgf@countd=\count179
\t@pgf@toka=\toks19
\t@pgf@tokb=\toks20
\t@pgf@tokc=\toks21
\pgf@sys@id@count=\count180
 (/usr/share/texlive/texmf-dist/tex/generic/pgf/systemlayer/pgf.cfg
File: pgf.cfg 2020/01/08 v3.1.5b (3.1.5b)
)
Driver file for pgf: pgfsys-pdftex.def

(/usr/share/texlive/texmf-dist/tex/generic/pgf/systemlayer/pgfsys-pdftex.def
File: pgfsys-pdftex.def 2020/01/08 v3.1.5b (3.1.5b)

(/usr/share/texlive/texmf-dist/tex/generic/pgf/systemlayer/pgfsys-common-pdf.de
f
File: pgfsys-common-pdf.def 2020/01/08 v3.1.5b (3.1.5b)
)))
(/usr/share/texlive/texmf-dist/tex/generic/pgf/systemlayer/pgfsyssoftpath.code.
tex
File: pgfsyssoftpath.code.tex 2020/01/08 v3.1.5b (3.1.5b)
\pgfsyssoftpath@smallbuffer@items=\count181
\pgfsyssoftpath@bigbuffer@items=\count182
)
(/usr/share/texlive/texmf-dist/tex/generic/pgf/systemlayer/pgfsysprotocol.code.
tex
File: pgfsysprotocol.code.tex 2020/01/08 v3.1.5b (3.1.5b)
)) (/usr/share/texlive/texmf-dist/tex/latex/xcolor/xcolor.sty
Package: xcolor 2016/05/11 v2.12 LaTeX color extensions (UK)

(/usr/share/texlive/texmf-dist/tex/latex/graphics-cfg/color.cfg
File: color.cfg 2016/01/02 v1.6 sample color configuration
)
Package xcolor Info: Driver file: pdftex.def on input line 225.
Package xcolor Info: Model `cmy' substituted by `cmy0' on input line 1348.
Package xcolor Info: Model `hsb' substituted by `rgb' on input line 1352.
Package xcolor Info: Model `RGB' extended on input line 1364.
Package xcolor Info: Model `HTML' substituted by `rgb' on input line 1366.
Package xcolor Info: Model `Hsb' substituted by `hsb' on input line 1367.
Package xcolor Info: Model `tHsb' substituted by `hsb' on input line 1368.
Package xcolor Info: Model `HSB' substituted by `hsb' on input line 1369.
Package xcolor Info: Model `Gray' substituted by `gray' on input line 1370.
Package xcolor Info: Model `wave' substituted by `hsb' on input line 1371.
)
(/usr/share/texlive/texmf-dist/tex/generic/pgf/basiclayer/pgfcore.code.tex
Package: pgfcore 2020/01/08 v3.1.5b (3.1.5b)

(/usr/share/texlive/texmf-dist/tex/generic/pgf/math/pgfmath.code.tex
(/usr/share/texlive/texmf-dist/tex/generic/pgf/math/pgfmathcalc.code.tex
(/usr/share/texlive/texmf-dist/tex/generic/pgf/math/pgfmathutil.code.tex)
(/usr/share/texlive/texmf-dist/tex/generic/pgf/math/pgfmathparser.code.tex
\pgfmath@dimen=\dimen149
\pgfmath@count=\count183
\pgfmath@box=\box48
\pgfmath@toks=\toks22
\pgfmath@stack@operand=\toks23
\pgfmath@stack@operation=\toks24
)
(/usr/share/texlive/texmf-dist/tex/generic/pgf/math/pgfmathfunctions.code.tex
(/usr/share/texlive/texmf-dist/tex/generic/pgf/math/pgfmathfunctions.basic.code
.tex)
(/usr/share/texlive/texmf-dist/tex/generic/pgf/math/pgfmathfunctions.trigonomet
ric.code.tex)
(/usr/share/texlive/texmf-dist/tex/generic/pgf/math/pgfmathfunctions.random.cod
e.tex)
(/usr/share/texlive/texmf-dist/tex/generic/pgf/math/pgfmathfunctions.comparison
.code.tex)
(/usr/share/texlive/texmf-dist/tex/generic/pgf/math/pgfmathfunctions.base.code.
tex)
(/usr/share/texlive/texmf-dist/tex/generic/pgf/math/pgfmathfunctions.round.code
.tex)
(/usr/share/texlive/texmf-dist/tex/generic/pgf/math/pgfmathfunctions.misc.code.
tex)
(/usr/share/texlive/texmf-dist/tex/generic/pgf/math/pgfmathfunctions.integerari
thmetics.code.tex)))
(/usr/share/texlive/texmf-dist/tex/generic/pgf/math/pgfmathfloat.code.tex
\c@pgfmathroundto@lastzeros=\count184
))
(/usr/share/texlive/texmf-dist/tex/generic/pgf/math/pgfint.code.tex)
(/usr/share/texlive/texmf-dist/tex/generic/pgf/basiclayer/pgfcorepoints.code.te
x
File: pgfcorepoints.code.tex 2020/01/08 v3.1.5b (3.1.5b)
\pgf@picminx=\dimen150
\pgf@picmaxx=\dimen151
\pgf@picminy=\dimen152
\pgf@picmaxy=\dimen153
\pgf@pathminx=\dimen154
\pgf@pathmaxx=\dimen155
\pgf@pathminy=\dimen156
\pgf@pathmaxy=\dimen157
\pgf@xx=\dimen158
\pgf@xy=\dimen159
\pgf@yx=\dimen160
\pgf@yy=\dimen161
\pgf@zx=\dimen162
\pgf@zy=\dimen163
)
(/usr/share/texlive/texmf-dist/tex/generic/pgf/basiclayer/pgfcorepathconstruct.
code.tex
File: pgfcorepathconstruct.code.tex 2020/01/08 v3.1.5b (3.1.5b)
\pgf@path@lastx=\dimen164
\pgf@path@lasty=\dimen165
)
(/usr/share/texlive/texmf-dist/tex/generic/pgf/basiclayer/pgfcorepathusage.code
.tex
File: pgfcorepathusage.code.tex 2020/01/08 v3.1.5b (3.1.5b)
\pgf@shorten@end@additional=\dimen166
\pgf@shorten@start@additional=\dimen167
)
(/usr/share/texlive/texmf-dist/tex/generic/pgf/basiclayer/pgfcorescopes.code.te
x
File: pgfcorescopes.code.tex 2020/01/08 v3.1.5b (3.1.5b)
\pgfpic=\box49
\pgf@hbox=\box50
\pgf@layerbox@main=\box51
\pgf@picture@serial@count=\count185
)
(/usr/share/texlive/texmf-dist/tex/generic/pgf/basiclayer/pgfcoregraphicstate.c
ode.tex
File: pgfcoregraphicstate.code.tex 2020/01/08 v3.1.5b (3.1.5b)
\pgflinewidth=\dimen168
)
(/usr/share/texlive/texmf-dist/tex/generic/pgf/basiclayer/pgfcoretransformation
s.code.tex
File: pgfcoretransformations.code.tex 2020/01/08 v3.1.5b (3.1.5b)
\pgf@pt@x=\dimen169
\pgf@pt@y=\dimen170
\pgf@pt@temp=\dimen171
)
(/usr/share/texlive/texmf-dist/tex/generic/pgf/basiclayer/pgfcorequick.code.tex
File: pgfcorequick.code.tex 2020/01/08 v3.1.5b (3.1.5b)
)
(/usr/share/texlive/texmf-dist/tex/generic/pgf/basiclayer/pgfcoreobjects.code.t
ex
File: pgfcoreobjects.code.tex 2020/01/08 v3.1.5b (3.1.5b)
)
(/usr/share/texlive/texmf-dist/tex/generic/pgf/basiclayer/pgfcorepathprocessing
.code.tex
File: pgfcorepathprocessing.code.tex 2020/01/08 v3.1.5b (3.1.5b)
)
(/usr/share/texlive/texmf-dist/tex/generic/pgf/basiclayer/pgfcorearrows.code.te
x
File: pgfcorearrows.code.tex 2020/01/08 v3.1.5b (3.1.5b)
\pgfarrowsep=\dimen172
)
(/usr/share/texlive/texmf-dist/tex/generic/pgf/basiclayer/pgfcoreshade.code.tex
File: pgfcoreshade.code.tex 2020/01/08 v3.1.5b (3.1.5b)
\pgf@max=\dimen173
\pgf@sys@shading@range@num=\count186
\pgf@shadingcount=\count187
)
(/usr/share/texlive/texmf-dist/tex/generic/pgf/basiclayer/pgfcoreimage.code.tex
File: pgfcoreimage.code.tex 2020/01/08 v3.1.5b (3.1.5b)

(/usr/share/texlive/texmf-dist/tex/generic/pgf/basiclayer/pgfcoreexternal.code.
tex
File: pgfcoreexternal.code.tex 2020/01/08 v3.1.5b (3.1.5b)
\pgfexternal@startupbox=\box52
))
(/usr/share/texlive/texmf-dist/tex/generic/pgf/basiclayer/pgfcorelayers.code.te
x
File: pgfcorelayers.code.tex 2020/01/08 v3.1.5b (3.1.5b)
)
(/usr/share/texlive/texmf-dist/tex/generic/pgf/basiclayer/pgfcoretransparency.c
ode.tex
File: pgfcoretransparency.code.tex 2020/01/08 v3.1.5b (3.1.5b)
)
(/usr/share/texlive/texmf-dist/tex/generic/pgf/basiclayer/pgfcorepatterns.code.
tex
File: pgfcorepatterns.code.tex 2020/01/08 v3.1.5b (3.1.5b)
)
(/usr/share/texlive/texmf-dist/tex/generic/pgf/basiclayer/pgfcorerdf.code.tex
File: pgfcorerdf.code.tex 2020/01/08 v3.1.5b (3.1.5b)
)))
(/usr/share/texlive/texmf-dist/tex/generic/pgf/modules/pgfmoduleshapes.code.tex
File: pgfmoduleshapes.code.tex 2020/01/08 v3.1.5b (3.1.5b)
\pgfnodeparttextbox=\box53
) (/usr/share/texlive/texmf-dist/tex/generic/pgf/modules/pgfmoduleplot.code.tex
File: pgfmoduleplot.code.tex 2020/01/08 v3.1.5b (3.1.5b)
)
(/usr/share/texlive/texmf-dist/tex/latex/pgf/compatibility/pgfcomp-version-0-65
.sty
Package: pgfcomp-version-0-65 2020/01/08 v3.1.5b (3.1.5b)
\pgf@nodesepstart=\dimen174
\pgf@nodesepend=\dimen175
)
(/usr/share/texlive/texmf-dist/tex/latex/pgf/compatibility/pgfcomp-version-1-18
.sty
Package: pgfcomp-version-1-18 2020/01/08 v3.1.5b (3.1.5b)
)) (/usr/share/texlive/texmf-dist/tex/latex/pgf/utilities/pgffor.sty
(/usr/share/texlive/texmf-dist/tex/latex/pgf/utilities/pgfkeys.sty
(/usr/share/texlive/texmf-dist/tex/generic/pgf/utilities/pgfkeys.code.tex))
(/usr/share/texlive/texmf-dist/tex/latex/pgf/math/pgfmath.sty
(/usr/share/texlive/texmf-dist/tex/generic/pgf/math/pgfmath.code.tex))
(/usr/share/texlive/texmf-dist/tex/generic/pgf/utilities/pgffor.code.tex
Package: pgffor 2020/01/08 v3.1.5b (3.1.5b)

(/usr/share/texlive/texmf-dist/tex/generic/pgf/math/pgfmath.code.tex)
\pgffor@iter=\dimen176
\pgffor@skip=\dimen177
\pgffor@stack=\toks25
\pgffor@toks=\toks26
))
(/usr/share/texlive/texmf-dist/tex/generic/pgf/frontendlayer/tikz/tikz.code.tex
Package: tikz 2020/01/08 v3.1.5b (3.1.5b)

(/usr/share/texlive/texmf-dist/tex/generic/pgf/libraries/pgflibraryplothandlers
.code.tex
File: pgflibraryplothandlers.code.tex 2020/01/08 v3.1.5b (3.1.5b)
\pgf@plot@mark@count=\count188
\pgfplotmarksize=\dimen178
)
\tikz@lastx=\dimen179
\tikz@lasty=\dimen180
\tikz@lastxsaved=\dimen181
\tikz@lastysaved=\dimen182
\tikz@lastmovetox=\dimen183
\tikz@lastmovetoy=\dimen184
\tikzleveldistance=\dimen185
\tikzsiblingdistance=\dimen186
\tikz@figbox=\box54
\tikz@figbox@bg=\box55
\tikz@tempbox=\box56
\tikz@tempbox@bg=\box57
\tikztreelevel=\count189
\tikznumberofchildren=\count190
\tikznumberofcurrentchild=\count191
\tikz@fig@count=\count192

(/usr/share/texlive/texmf-dist/tex/generic/pgf/modules/pgfmodulematrix.code.tex
File: pgfmodulematrix.code.tex 2020/01/08 v3.1.5b (3.1.5b)
\pgfmatrixcurrentrow=\count193
\pgfmatrixcurrentcolumn=\count194
\pgf@matrix@numberofcolumns=\count195
)
\tikz@expandcount=\count196

(/usr/share/texlive/texmf-dist/tex/generic/pgf/frontendlayer/tikz/libraries/tik
zlibrarytopaths.code.tex
File: tikzlibrarytopaths.code.tex 2020/01/08 v3.1.5b (3.1.5b)
)))
(/usr/share/texlive/texmf-dist/tex/latex/psnfss/pifont.sty
Package: pifont 2005/04/12 PSNFSS-v9.2a Pi font support (SPQR) 
LaTeX Font Info:    Trying to load font information for U+pzd on input line 63.


(/usr/share/texlive/texmf-dist/tex/latex/psnfss/upzd.fd
File: upzd.fd 2001/06/04 font definitions for U/pzd.
)
LaTeX Font Info:    Trying to load font information for U+psy on input line 64.


(/usr/share/texlive/texmf-dist/tex/latex/psnfss/upsy.fd
File: upsy.fd 2001/06/04 font definitions for U/psy.
))
(/usr/share/texlive/texmf-dist/tex/latex/antt/anttor.sty
Package: anttor 2005/10/03 v.1.2 anttor (Antykwa Torunska) package (MW)
)
(/usr/share/texlive/texmf-dist/tex/latex/ifsym/ifsym.sty
Package: ifsym 2000/04/18 I.Kloeckl

(/usr/share/texlive/texmf-dist/tex/latex/tools/calc.sty
Package: calc 2017/05/25 v4.3 Infix arithmetic (KKT,FJ)
\calc@Acount=\count197
\calc@Bcount=\count198
\calc@Adimen=\dimen187
\calc@Bdimen=\dimen188
\calc@Askip=\skip63
\calc@Bskip=\skip64
LaTeX Info: Redefining \setlength on input line 80.
LaTeX Info: Redefining \addtolength on input line 81.
\calc@Ccount=\count199
\calc@Cskip=\skip65
)
\c@ifsymcnt=\count266
)
(/usr/share/texlive/texmf-dist/tex/latex/base/inputenc.sty
Package: inputenc 2018/08/11 v1.3c Input encoding file
\inpenc@prehook=\toks27
\inpenc@posthook=\toks28
)
(/usr/share/texlive/texmf-dist/tex/latex/fontawesome5/fontawesome5.sty
(/usr/share/texlive/texmf-dist/tex/latex/l3kernel/expl3.sty
Package: expl3 2020-02-14 L3 programming layer (loader) 

(/usr/share/texlive/texmf-dist/tex/latex/l3backend/l3backend-pdfmode.def
File: l3backend-pdfmode.def 2020-02-03 L3 backend support: PDF mode
\l__kernel_color_stack_int=\count267
\l__pdf_internal_box=\box58
))
Package: fontawesome5 2020/01/17 v5.12.0.1 Font Awesome 5

(/usr/share/texlive/texmf-dist/tex/latex/l3packages/l3keys2e/l3keys2e.sty
Package: l3keys2e 2020-02-14 LaTeX2e option processing using LaTeX3 keys
)
(/usr/share/texlive/texmf-dist/tex/latex/l3packages/xparse/xparse.sty
Package: xparse 2020-02-14 L3 Experimental document command parser
\l__xparse_current_arg_int=\count268
\g__xparse_grabber_int=\count269
\l__xparse_m_args_int=\count270
\l__xparse_v_nesting_int=\count271
)
(/usr/share/texlive/texmf-dist/tex/latex/fontawesome5/fontawesome5-generic-help
er.sty
Package: fontawesome5-generic-helper 2020/01/17 v5.12.0.1 non-uTeX helper for f
ontawesome5

(/usr/share/texlive/texmf-dist/tex/latex/fontawesome5/fontawesome5-mapping.def)
)) (/usr/share/texlive/texmf-dist/tex/latex/geometry/geometry.sty
Package: geometry 2020/01/02 v5.9 Page Geometry

(/usr/share/texlive/texmf-dist/tex/generic/iftex/ifvtex.sty
Package: ifvtex 2019/10/25 v1.7 ifvtex legacy package. Use iftex instead.

(/usr/share/texlive/texmf-dist/tex/generic/iftex/iftex.sty
Package: iftex 2019/11/07 v1.0c TeX engine tests
))
\Gm@cnth=\count272
\Gm@cntv=\count273
\c@Gm@tempcnt=\count274
\Gm@bindingoffset=\dimen189
\Gm@wd@mp=\dimen190
\Gm@odd@mp=\dimen191
\Gm@even@mp=\dimen192
\Gm@layoutwidth=\dimen193
\Gm@layoutheight=\dimen194
\Gm@layouthoffset=\dimen195
\Gm@layoutvoffset=\dimen196
\Gm@dimlist=\toks29
)

Class scrartcl Warning: Usage of package `fancyhdr' together
(scrartcl)              with a KOMA-Script class is not recommended.
(scrartcl)              I'd suggest to use 
(scrartcl)              package `scrlayer' or `scrlayer-scrpage', because
(scrartcl)              they support KOMA-Script classes.
(scrartcl)              With `fancyhdr' several features of class `scrartcl'
(scrartcl)              like options `headsepline', `footsepline' or command
(scrartcl)              `\MakeMarkcase' and the commands `\setkomafont' and
(scrartcl)              `\addtokomafont' for the page style elements need
(scrartcl)              explicite user intervention to work.
(scrartcl)              Nevertheless, using requested
(scrartcl)              package `fancyhdr' on input line 11.

(/usr/share/texlive/texmf-dist/tex/latex/fancyhdr/fancyhdr.sty
Package: fancyhdr 2019/01/31 v3.10 Extensive control of page headers and footer
s
\f@nch@headwidth=\skip66
\f@nch@O@elh=\skip67
\f@nch@O@erh=\skip68
\f@nch@O@olh=\skip69
\f@nch@O@orh=\skip70
\f@nch@O@elf=\skip71
\f@nch@O@erf=\skip72
\f@nch@O@olf=\skip73
\f@nch@O@orf=\skip74
)

Package Fancyhdr Warning: \fancyfoot's `E' option without twoside option is use
less on input line 20.

(./cardgame.aux)
\openout1 = `cardgame.aux'.

LaTeX Font Info:    Checking defaults for OML/cmm/m/it on input line 21.
LaTeX Font Info:    ... okay on input line 21.
LaTeX Font Info:    Checking defaults for OMS/cmsy/m/n on input line 21.
LaTeX Font Info:    ... okay on input line 21.
LaTeX Font Info:    Checking defaults for OT1/cmr/m/n on input line 21.
LaTeX Font Info:    ... okay on input line 21.
LaTeX Font Info:    Checking defaults for T1/cmr/m/n on input line 21.
LaTeX Font Info:    ... okay on input line 21.
LaTeX Font Info:    Checking defaults for TS1/cmr/m/n on input line 21.
LaTeX Font Info:    ... okay on input line 21.
LaTeX Font Info:    Checking defaults for OMX/cmex/m/n on input line 21.
LaTeX Font Info:    ... okay on input line 21.
LaTeX Font Info:    Checking defaults for U/cmr/m/n on input line 21.
LaTeX Font Info:    ... okay on input line 21.
LaTeX Font Info:    Trying to load font information for OT1+antt on input line 
21.
 (/usr/share/texlive/texmf-dist/tex/latex/antt/ot1antt.fd
File: ot1antt.fd 2005/10/05 v1.2 font definition file for OT1/antt (MW)
)
Package scrbase Info: activating english \contentsname on input line 21.
Package scrbase Info: activating english \listfigurename on input line 21.
Package scrbase Info: activating english \listtablename on input line 21.

ABD: EveryShipout initializing macros
(/usr/share/texlive/texmf-dist/tex/context/base/mkii/supp-pdf.mkii
[Loading MPS to PDF converter (version 2006.09.02).]
\scratchcounter=\count275
\scratchdimen=\dimen197
\scratchbox=\box59
\nofMPsegments=\count276
\nofMParguments=\count277
\everyMPshowfont=\toks30
\MPscratchCnt=\count278
\MPscratchDim=\dimen198
\MPnumerator=\count279
\makeMPintoPDFobject=\count280
\everyMPtoPDFconversion=\toks31
) (/usr/share/texlive/texmf-dist/tex/latex/epstopdf-pkg/epstopdf-base.sty
Package: epstopdf-base 2020-01-24 v2.11 Base part for package epstopdf
Package epstopdf-base Info: Redefining graphics rule for `.eps' on input line 4
85.

(/usr/share/texlive/texmf-dist/tex/latex/latexconfig/epstopdf-sys.cfg
File: epstopdf-sys.cfg 2010/07/13 v1.3 Configuration of (r)epstopdf for TeX Liv
e
))
*geometry* driver: auto-detecting
*geometry* detected driver: pdftex
*geometry* verbose mode - [ preamble ] result:
* driver: pdftex
* paper: <default>
* layout: <same size as paper>
* layoutoffset:(h,v)=(0.0pt,0.0pt)
* modes: 
* h-part:(L,W,R)=(8.5359pt, 580.43613pt, 8.5359pt)
* v-part:(T,H,B)=(28.45274pt, 759.68869pt, 56.9055pt)
* \paperwidth=597.50793pt
* \paperheight=845.04694pt
* \textwidth=580.43613pt
* \textheight=759.68869pt
* \oddsidemargin=-63.73409pt
* \evensidemargin=-63.73409pt
* \topmargin=-81.21725pt
* \headheight=17.0pt
* \headsep=20.40001pt
* \topskip=11.0pt
* \footskip=47.6pt
* \marginparwidth=59.7508pt
* \marginparsep=12.8401pt
* \columnsep=10.0pt
* \skip\footins=10.0pt plus 4.0pt minus 2.0pt
* \hoffset=0.0pt
* \voffset=0.0pt
* \mag=1000
* \@twocolumnfalse
* \@twosidefalse
* \@mparswitchfalse
* \@reversemarginfalse
* (1in=72.27pt=25.4mm, 1cm=28.453pt)

LaTeX Font Info:    Trying to load font information for U+fontawesomefree2 on i
nput line 41.
(/usr/share/texlive/texmf-dist/tex/latex/fontawesome5/ufontawesomefree2.fd)
<./images/p/interphase.png, id=4, 130.4875pt x 216.81pt>
File: ./images/p/interphase.png Graphic file (type png)
<use ./images/p/interphase.png>
Package pdftex.def Info: ./images/p/interphase.png  used on input line 45.
(pdftex.def)             Requested size: 108.11963pt x 179.64789pt.
<./images/p/prophase.png, id=6, 129.48375pt x 215.80624pt>
File: ./images/p/prophase.png Graphic file (type png)
<use ./images/p/prophase.png>
Package pdftex.def Info: ./images/p/prophase.png  used on input line 55.
(pdftex.def)             Requested size: 108.11963pt x 180.2058pt.
<./images/p/prophase2.png, id=7, 119.44624pt x 199.74625pt>
File: ./images/p/prophase2.png Graphic file (type png)
<use ./images/p/prophase2.png>
Package pdftex.def Info: ./images/p/prophase2.png  used on input line 65.
(pdftex.def)             Requested size: 108.11963pt x 180.80319pt.
<./images/p/metaphase.png, id=8, 154.5775pt x 256.96pt>
File: ./images/p/metaphase.png Graphic file (type png)
<use ./images/p/metaphase.png>
Package pdftex.def Info: ./images/p/metaphase.png  used on input line 75.
(pdftex.def)             Requested size: 108.11963pt x 179.73746pt.

Overfull \hbox (11.46144pt too wide) in paragraph at lines 32--78
[]  []  []  [] 
 []

<./images/p/anaphase1.png, id=9, 166.6225pt x 278.03876pt>
File: ./images/p/anaphase1.png Graphic file (type png)
<use ./images/p/anaphase1.png>
Package pdftex.def Info: ./images/p/anaphase1.png  used on input line 86.
(pdftex.def)             Requested size: 108.11963pt x 180.41757pt.
<./images/p/anaphase2.png, id=10, 162.6075pt x 266.9975pt>
File: ./images/p/anaphase2.png Graphic file (type png)
<use ./images/p/anaphase2.png>
Package pdftex.def Info: ./images/p/anaphase2.png  used on input line 96.
(pdftex.def)             Requested size: 108.11963pt x 177.53479pt.
<./images/p/telophase2.png, id=11, 175.65625pt x 291.0875pt>
File: ./images/p/telophase2.png Graphic file (type png)
<use ./images/p/telophase2.png>
Package pdftex.def Info: ./images/p/telophase2.png  used on input line 118.
(pdftex.def)             Requested size: 108.11963pt x 179.17542pt.
<./images/p/cytokinese.png, id=12, 167.62625pt x 278.03876pt>
File: ./images/p/cytokinese.png Graphic file (type png)
<use ./images/p/cytokinese.png>
Package pdftex.def Info: ./images/p/cytokinese.png  used on input line 128.
(pdftex.def)             Requested size: 108.11963pt x 179.33574pt.

Overfull \hbox (11.46144pt too wide) in paragraph at lines 88--131
[][]  []  []  [] 
 []

LaTeX Font Info:    Trying to load font information for U+fontawesomefree1 on i
nput line 140.
(/usr/share/texlive/texmf-dist/tex/latex/fontawesome5/ufontawesomefree1.fd)
<./images/o/interphase.png, id=13, 297.11pt x 397.485pt>
File: ./images/o/interphase.png Graphic file (type png)
<use ./images/o/interphase.png>
Package pdftex.def Info: ./images/o/interphase.png  used on input line 144.
(pdftex.def)             Requested size: 108.11963pt x 144.64716pt.
<./images/o/prophase.png, id=14, 257.96375pt x 319.1925pt>
File: ./images/o/prophase.png Graphic file (type png)
<use ./images/o/prophase.png>
Package pdftex.def Info: ./images/o/prophase.png  used on input line 156.
(pdftex.def)             Requested size: 108.11963pt x 133.7823pt.
<./images/o/prometaphase.png, id=15, 276.03125pt x 345.29pt>
File: ./images/o/prometaphase.png Graphic file (type png)
<use ./images/o/prometaphase.png>
Package pdftex.def Info: ./images/o/prometaphase.png  used on input line 168.
(pdftex.def)             Requested size: 108.11963pt x 135.24738pt.
<./images/o/metaphase.png, id=16, 264.99pt x 308.15125pt>
File: ./images/o/metaphase.png Graphic file (type png)
<use ./images/o/metaphase.png>
Package pdftex.def Info: ./images/o/metaphase.png  used on input line 180.
(pdftex.def)             Requested size: 108.11963pt x 125.73155pt.
<./images/back.png, id=17, 626.34pt x 1002.74625pt>
File: ./images/back.png Graphic file (type png)
<use ./images/back.png>
Package pdftex.def Info: ./images/back.png  used on input line 191.
(pdftex.def)             Requested size: 127.041pt x 203.37631pt.
File: ./images/back.png Graphic file (type png)
<use ./images/back.png>
Package pdftex.def Info: ./images/back.png  used on input line 199.
(pdftex.def)             Requested size: 127.041pt x 203.37631pt.
File: ./images/back.png Graphic file (type png)
<use ./images/back.png>
Package pdftex.def Info: ./images/back.png  used on input line 207.
(pdftex.def)             Requested size: 127.041pt x 203.37631pt.
File: ./images/back.png Graphic file (type png)
<use ./images/back.png>
Package pdftex.def Info: ./images/back.png  used on input line 215.
(pdftex.def)             Requested size: 128.03647pt x 204.98288pt.

Overfull \hbox (0.51144pt too wide) in paragraph at lines 146--218
[][]  []  []  []
 []


Overfull \hbox (18.76062pt too wide) in paragraph at lines 146--218
[]  []  []  [] 
 []

File: ./images/back.png Graphic file (type png)
<use ./images/back.png>
Package pdftex.def Info: ./images/back.png  used on input line 224.
(pdftex.def)             Requested size: 127.041pt x 203.37631pt.

LaTeX Font Warning: Font shape `OT1/antt/m/sl' undefined
(Font)              using `OT1/antt/m/it' instead on input line 226.


LaTeX Font Warning: Font shape `OT1/antt/m/sl' undefined
(Font)              using `OT1/antt/m/it' instead on input line 226.

[1

{/var/lib/texmf/fonts/map/pdftex/updmap/pdftex.map} <./images/p/interphase.png>
 <./images/p/prophase.png> <./images/p/prophase2.png> <./images/p/metaphase.png
> <./images/p/anaphase1.png> <./images/p/anaphase2.png> <./images/p/telophase2.
png> <./images/p/cytokinese.png> <./images/o/interphase.png> <./images/o/propha
se.png> <./images/o/prometaphase.png> <./images/o/metaphase.png>]
File: ./images/back.png Graphic file (type png)
<use ./images/back.png>
Package pdftex.def Info: ./images/back.png  used on input line 232.
(pdftex.def)             Requested size: 127.041pt x 203.37631pt.
File: ./images/back.png Graphic file (type png)
<use ./images/back.png>
Package pdftex.def Info: ./images/back.png  used on input line 240.
(pdftex.def)             Requested size: 127.041pt x 203.37631pt.
File: ./images/back.png Graphic file (type png)
<use ./images/back.png>
Package pdftex.def Info: ./images/back.png  used on input line 248.
(pdftex.def)             Requested size: 128.03647pt x 204.98288pt.

Overfull \hbox (18.76062pt too wide) in paragraph at lines 226--251
[][]  []  []  [] 
 []

File: ./images/back.png Graphic file (type png)
<use ./images/back.png>
Package pdftex.def Info: ./images/back.png  used on input line 257.
(pdftex.def)             Requested size: 127.041pt x 203.37631pt.
File: ./images/back.png Graphic file (type png)
<use ./images/back.png>
Package pdftex.def Info: ./images/back.png  used on input line 265.
(pdftex.def)             Requested size: 127.041pt x 203.37631pt.
File: ./images/back.png Graphic file (type png)
<use ./images/back.png>
Package pdftex.def Info: ./images/back.png  used on input line 273.
(pdftex.def)             Requested size: 127.041pt x 203.37631pt.
File: ./images/back.png Graphic file (type png)
<use ./images/back.png>
Package pdftex.def Info: ./images/back.png  used on input line 281.
(pdftex.def)             Requested size: 128.03647pt x 204.98288pt.
<./images/o/anaphase.png, id=36, 251.94125pt x 313.17pt>
File: ./images/o/anaphase.png Graphic file (type png)
<use ./images/o/anaphase.png>
Package pdftex.def Info: ./images/o/anaphase.png  used on input line 296.
(pdftex.def)             Requested size: 108.11963pt x 134.39287pt.
<./images/o/telophase.png, id=37, 223.83624pt x 366.36874pt>
File: ./images/o/telophase.png Graphic file (type png)
<use ./images/o/telophase.png>
Package pdftex.def Info: ./images/o/telophase.png  used on input line 308.
(pdftex.def)             Requested size: 108.11963pt x 176.97305pt.
<./images/o/telophase2.png, id=38, 240.9pt x 340.27126pt>
File: ./images/o/telophase2.png Graphic file (type png)
<use ./images/o/telophase2.png>
Package pdftex.def Info: ./images/o/telophase2.png  used on input line 320.
(pdftex.def)             Requested size: 108.11963pt x 152.71565pt.
<./images/o/cytokinese.png, id=39, 244.915pt x 336.25626pt>
File: ./images/o/cytokinese.png Graphic file (type png)
<use ./images/o/cytokinese.png>
Package pdftex.def Info: ./images/o/cytokinese.png  used on input line 332.
(pdftex.def)             Requested size: 108.11963pt x 148.44063pt.

Overfull \hbox (7.81062pt too wide) in paragraph at lines 259--335
[][]  []  []  []
 []


Overfull \hbox (11.46144pt too wide) in paragraph at lines 259--335
[]  []  []  [] 
 []


LaTeX Font Warning: Font shape `OT1/antt/m/sl' undefined
(Font)              using `OT1/antt/m/it' instead on input line 349.


LaTeX Font Warning: Font shape `OT1/antt/m/sl' undefined
(Font)              using `OT1/antt/m/it' instead on input line 349.

[2 <./images/back.png>]
Overfull \hbox (11.46144pt too wide) in paragraph at lines 349--380
[][]  []  []  [] 
 []

File: ./images/back.png Graphic file (type png)
<use ./images/back.png>
Package pdftex.def Info: ./images/back.png  used on input line 429.
(pdftex.def)             Requested size: 127.041pt x 203.37631pt.
File: ./images/back.png Graphic file (type png)
<use ./images/back.png>
Package pdftex.def Info: ./images/back.png  used on input line 437.
(pdftex.def)             Requested size: 127.041pt x 203.37631pt.
File: ./images/back.png Graphic file (type png)
<use ./images/back.png>
Package pdftex.def Info: ./images/back.png  used on input line 445.
(pdftex.def)             Requested size: 127.041pt x 203.37631pt.
File: ./images/back.png Graphic file (type png)
<use ./images/back.png>
Package pdftex.def Info: ./images/back.png  used on input line 453.
(pdftex.def)             Requested size: 128.03647pt x 204.98288pt.

Overfull \hbox (0.51144pt too wide) in paragraph at lines 390--456
[][]  []  []  []
 []


Overfull \hbox (18.76062pt too wide) in paragraph at lines 390--456
[]  []  []  [] 
 []

File: ./images/back.png Graphic file (type png)
<use ./images/back.png>
Package pdftex.def Info: ./images/back.png  used on input line 462.
(pdftex.def)             Requested size: 127.041pt x 203.37631pt.

LaTeX Font Warning: Font shape `OT1/antt/m/sl' undefined
(Font)              using `OT1/antt/m/it' instead on input line 464.


LaTeX Font Warning: Font shape `OT1/antt/m/sl' undefined
(Font)              using `OT1/antt/m/it' instead on input line 464.

[3 <./images/o/anaphase.png> <./images/o/telophase.png> <./images/o/telophase2.
png> <./images/o/cytokinese.png>]
File: ./images/back.png Graphic file (type png)
<use ./images/back.png>
Package pdftex.def Info: ./images/back.png  used on input line 470.
(pdftex.def)             Requested size: 127.041pt x 203.37631pt.
File: ./images/back.png Graphic file (type png)
<use ./images/back.png>
Package pdftex.def Info: ./images/back.png  used on input line 478.
(pdftex.def)             Requested size: 127.041pt x 203.37631pt.
File: ./images/back.png Graphic file (type png)
<use ./images/back.png>
Package pdftex.def Info: ./images/back.png  used on input line 486.
(pdftex.def)             Requested size: 128.03647pt x 204.98288pt.

Overfull \hbox (18.76062pt too wide) in paragraph at lines 464--489
[][]  []  []  [] 
 []

File: ./images/back.png Graphic file (type png)
<use ./images/back.png>
Package pdftex.def Info: ./images/back.png  used on input line 495.
(pdftex.def)             Requested size: 127.041pt x 203.37631pt.
File: ./images/back.png Graphic file (type png)
<use ./images/back.png>
Package pdftex.def Info: ./images/back.png  used on input line 503.
(pdftex.def)             Requested size: 127.041pt x 203.37631pt.
File: ./images/back.png Graphic file (type png)
<use ./images/back.png>
Package pdftex.def Info: ./images/back.png  used on input line 511.
(pdftex.def)             Requested size: 127.041pt x 203.37631pt.
File: ./images/back.png Graphic file (type png)
<use ./images/back.png>
Package pdftex.def Info: ./images/back.png  used on input line 519.
(pdftex.def)             Requested size: 128.03647pt x 204.98288pt.
LaTeX Font Info:    External font `cmex10' loaded for size
(Font)              <9> on input line 536.
LaTeX Font Info:    External font `cmex10' loaded for size
(Font)              <6> on input line 536.
LaTeX Font Info:    External font `cmex10' loaded for size
(Font)              <5> on input line 536.
<./images/g/cute5.png, id=50, 415.5525pt x 405.515pt>
File: ./images/g/cute5.png Graphic file (type png)
<use ./images/g/cute5.png>
Package pdftex.def Info: ./images/g/cute5.png  used on input line 538.
(pdftex.def)             Requested size: 108.11963pt x 105.50566pt.
<./images/g/cute2.png, id=51, 416.55624pt x 405.515pt>
File: ./images/g/cute2.png Graphic file (type png)
<use ./images/g/cute2.png>
Package pdftex.def Info: ./images/g/cute2.png  used on input line 552.
(pdftex.def)             Requested size: 108.11963pt x 105.25197pt.
<./images/g/cute3.png, id=52, 413.545pt x 407.5225pt>
File: ./images/g/cute3.png Graphic file (type png)
<use ./images/g/cute3.png>
Package pdftex.def Info: ./images/g/cute3.png  used on input line 566.
(pdftex.def)             Requested size: 108.11963pt x 106.54408pt.
<./images/g/cute4.png, id=53, 413.545pt x 406.51875pt>
File: ./images/g/cute4.png Graphic file (type png)
<use ./images/g/cute4.png>
Package pdftex.def Info: ./images/g/cute4.png  used on input line 580.
(pdftex.def)             Requested size: 108.11963pt x 106.28166pt.

Overfull \hbox (7.81062pt too wide) in paragraph at lines 497--583
[][]  []  []  []
 []


Overfull \hbox (11.46144pt too wide) in paragraph at lines 497--583
[]  []  []  [] 
 []

<./images/g/cute1.png, id=54, 307.1475pt x 271.0125pt>
File: ./images/g/cute1.png Graphic file (type png)
<use ./images/g/cute1.png>
Package pdftex.def Info: ./images/g/cute1.png  used on input line 595.
(pdftex.def)             Requested size: 108.11963pt x 95.3975pt.

LaTeX Font Warning: Font shape `OT1/antt/m/sl' undefined
(Font)              using `OT1/antt/m/it' instead on input line 597.


LaTeX Font Warning: Font shape `OT1/antt/m/sl' undefined
(Font)              using `OT1/antt/m/it' instead on input line 597.

[4]
<./images/g/cute9.png, id=58, 417.56pt x 371.3875pt>
File: ./images/g/cute9.png Graphic file (type png)
<use ./images/g/cute9.png>
Package pdftex.def Info: ./images/g/cute9.png  used on input line 610.
(pdftex.def)             Requested size: 108.11963pt x 96.16177pt.
<./images/g/cute8.png, id=59, 414.54875pt x 366.36874pt>
File: ./images/g/cute8.png Graphic file (type png)
<use ./images/g/cute8.png>
Package pdftex.def Info: ./images/g/cute8.png  used on input line 625.
(pdftex.def)             Requested size: 108.11963pt x 95.54991pt.
<./images/g/cute7.png, id=60, 319.1925pt x 282.05376pt>
File: ./images/g/cute7.png Graphic file (type png)
<use ./images/g/cute7.png>
Package pdftex.def Info: ./images/g/cute7.png  used on input line 640.
(pdftex.def)             Requested size: 108.11963pt x 95.53978pt.

Overfull \hbox (11.46144pt too wide) in paragraph at lines 597--643
[][]  []  []  [] 
 []

<./images/rule/rule_front.png, id=61, 2436.10126pt x 1003.75pt>
File: ./images/rule/rule_front.png Graphic file (type png)
<use ./images/rule/rule_front.png>
Package pdftex.def Info: ./images/rule/rule_front.png  used on input line 652.
(pdftex.def)             Requested size: 546.0063pt x 224.961pt.

Overfull \hbox (12.95839pt too wide) in paragraph at lines 654--655
[][] 
 []


LaTeX Font Warning: Font shape `OT1/antt/m/sl' undefined
(Font)              using `OT1/antt/m/it' instead on input line 655.


LaTeX Font Warning: Font shape `OT1/antt/m/sl' undefined
(Font)              using `OT1/antt/m/it' instead on input line 655.

[5 <./images/g/cute5.png> <./images/g/cute2.png> <./images/g/cute3.png> <./imag
es/g/cute4.png> <./images/g/cute1.png> <./images/g/cute9.png> <./images/g/cute8
.png> <./images/g/cute7.png> <./images/rule/rule_front.png>]
File: ./images/back.png Graphic file (type png)
<use ./images/back.png>
Package pdftex.def Info: ./images/back.png  used on input line 664.
(pdftex.def)             Requested size: 127.041pt x 203.37631pt.
File: ./images/back.png Graphic file (type png)
<use ./images/back.png>
Package pdftex.def Info: ./images/back.png  used on input line 672.
(pdftex.def)             Requested size: 127.041pt x 203.37631pt.
File: ./images/back.png Graphic file (type png)
<use ./images/back.png>
Package pdftex.def Info: ./images/back.png  used on input line 680.
(pdftex.def)             Requested size: 127.041pt x 203.37631pt.
File: ./images/back.png Graphic file (type png)
<use ./images/back.png>
Package pdftex.def Info: ./images/back.png  used on input line 688.
(pdftex.def)             Requested size: 128.03647pt x 204.98288pt.

Overfull \hbox (18.76062pt too wide) in paragraph at lines 666--691
[][]  []  []  [] 
 []

File: ./images/back.png Graphic file (type png)
<use ./images/back.png>
Package pdftex.def Info: ./images/back.png  used on input line 697.
(pdftex.def)             Requested size: 127.041pt x 203.37631pt.
File: ./images/back.png Graphic file (type png)
<use ./images/back.png>
Package pdftex.def Info: ./images/back.png  used on input line 705.
(pdftex.def)             Requested size: 127.041pt x 203.37631pt.
File: ./images/back.png Graphic file (type png)
<use ./images/back.png>
Package pdftex.def Info: ./images/back.png  used on input line 713.
(pdftex.def)             Requested size: 127.041pt x 203.37631pt.
File: ./images/back.png Graphic file (type png)
<use ./images/back.png>
Package pdftex.def Info: ./images/back.png  used on input line 721.
(pdftex.def)             Requested size: 128.03647pt x 204.98288pt.
<./images/rule/rule_back.png, id=77, 2436.10126pt x 1003.75pt>
File: ./images/rule/rule_back.png Graphic file (type png)
<use ./images/rule/rule_back.png>
Package pdftex.def Info: ./images/rule/rule_back.png  used on input line 732.
(pdftex.def)             Requested size: 546.0063pt x 224.961pt.

Overfull \hbox (7.81062pt too wide) in paragraph at lines 699--735
[][]  []  []  []
 []


Overfull \hbox (12.95839pt too wide) in paragraph at lines 699--735
[] 
 []


LaTeX Font Warning: Font shape `OT1/antt/m/sl' undefined
(Font)              using `OT1/antt/m/it' instead on input line 736.


LaTeX Font Warning: Font shape `OT1/antt/m/sl' undefined
(Font)              using `OT1/antt/m/it' instead on input line 736.

[6 <./images/rule/rule_back.png>]
<./images/solution/fachbegriff.png, id=82, 545.03625pt x 444.15938pt>
File: ./images/solution/fachbegriff.png Graphic file (type png)
<use ./images/solution/fachbegriff.png>
Package pdftex.def Info: ./images/solution/fachbegriff.png  used on input line 
751.
(pdftex.def)             Requested size: 408.77618pt x 333.1187pt.
<./images/solution/beschreibung.png, id=83, 550.30594pt x 453.19313pt>
File: ./images/solution/beschreibung.png Graphic file (type png)
<use ./images/solution/beschreibung.png>
Package pdftex.def Info: ./images/solution/beschreibung.png  used on input line
 752.
(pdftex.def)             Requested size: 412.72844pt x 339.89401pt.
<./images/solution/mikroskop.png, id=84, 552.56438pt x 453.19313pt>
File: ./images/solution/mikroskop.png Graphic file (type png)
<use ./images/solution/mikroskop.png>
Package pdftex.def Info: ./images/solution/mikroskop.png  used on input line 75
3.
(pdftex.def)             Requested size: 414.42226pt x 339.89401pt.
<./images/solution/skizze.png, id=85, 551.81157pt x 453.19313pt>
File: ./images/solution/skizze.png Graphic file (type png)
<use ./images/solution/skizze.png>
Package pdftex.def Info: ./images/solution/skizze.png  used on input line 754.
(pdftex.def)             Requested size: 413.85767pt x 339.89401pt.


LaTeX Font Warning: Font shape `OT1/antt/m/sl' undefined
(Font)              using `OT1/antt/m/it' instead on input line 755.


LaTeX Font Warning: Font shape `OT1/antt/m/sl' undefined
(Font)              using `OT1/antt/m/it' instead on input line 755.

[7 <./images/solution/fachbegriff.PNG> <./images/solution/beschreibung.PNG>]

LaTeX Font Warning: Font shape `OT1/antt/m/sl' undefined
(Font)              using `OT1/antt/m/it' instead on input line 757.


LaTeX Font Warning: Font shape `OT1/antt/m/sl' undefined
(Font)              using `OT1/antt/m/it' instead on input line 757.

[8 <./images/solution/mikroskop.PNG> <./images/solution/skizze.PNG>]
(./cardgame.aux) ) 
Here is how much of TeX's memory you used:
 18699 strings out of 481239
 391269 string characters out of 5920377
 705263 words of memory out of 5000000
 33661 multiletter control sequences out of 15000+600000
 570451 words of font info for 47 fonts, out of 8000000 for 9000
 1141 hyphenation exceptions out of 8191
 64i,12n,81p,10120b,684s stack positions out of 5000i,500n,10000p,200000b,80000s
{/usr/share/texlive/texmf-dist/fonts/enc/dvips/fontawesome5/f
a5free1.enc}{/usr/share/texlive/texmf-dist/fonts/enc/dvips/antt/antt-qx.enc}{/u
sr/share/texlive/texmf-dist/fonts/enc/dvips/fontawesome5/fa5free2.enc}</usr/sha
re/texlive/texmf-dist/fonts/type1/public/fontawesome5/FontAwesome5Free-Regular.
pfb></usr/share/texlive/texmf-dist/fonts/type1/public/fontawesome5/FontAwesome5
Free-Solid.pfb></usr/share/texlive/texmf-dist/fonts/type1/public/antt/anttb.pfb
></usr/share/texlive/texmf-dist/fonts/type1/public/antt/anttr.pfb></usr/share/t
exlive/texmf-dist/fonts/type1/public/antt/anttri.pfb></usr/share/texlive/texmf-
dist/fonts/type1/public/amsfonts/cm/cmmi9.pfb></usr/share/texlive/texmf-dist/fo
nts/type1/public/amsfonts/cm/cmr9.pfb>
Output written on cardgame.pdf (8 pages, 7160153 bytes).
PDF statistics:
 125 PDF objects out of 1000 (max. 8388607)
 50 compressed objects within 1 object stream
 0 named destinations out of 1000 (max. 500000)
 168 words of extra memory for PDF output out of 10000 (max. 10000000)

